0 info it worked if it ends with ok
1 verbose cli [ 'node', '/usr/local/bin/npm', 'install', '-g', 'spm-server' ]
2 info using npm@1.3.14
3 info using node@v0.10.22
4 verbose cache add [ 'spm-server', null ]
5 verbose cache add name=undefined spec="spm-server" args=["spm-server",null]
6 verbose parsed url { protocol: null,
6 verbose parsed url   slashes: null,
6 verbose parsed url   auth: null,
6 verbose parsed url   host: null,
6 verbose parsed url   port: null,
6 verbose parsed url   hostname: null,
6 verbose parsed url   hash: null,
6 verbose parsed url   search: null,
6 verbose parsed url   query: null,
6 verbose parsed url   pathname: 'spm-server',
6 verbose parsed url   path: 'spm-server',
6 verbose parsed url   href: 'spm-server' }
7 silly lockFile 7b7b4eed-spm-server spm-server
8 verbose lock spm-server /Users/lzz/.npm/7b7b4eed-spm-server.lock
9 silly lockFile 7b7b4eed-spm-server spm-server
10 silly lockFile 7b7b4eed-spm-server spm-server
11 verbose addNamed [ 'spm-server', '' ]
12 verbose addNamed [ null, '*' ]
13 silly lockFile a4466e96-spm-server spm-server@
14 verbose lock spm-server@ /Users/lzz/.npm/a4466e96-spm-server.lock
15 silly addNameRange { name: 'spm-server', range: '*', hasData: false }
16 verbose url raw spm-server
17 verbose url resolving [ 'https://registry.npmjs.org/', './spm-server' ]
18 verbose url resolved https://registry.npmjs.org/spm-server
19 info trying registry request attempt 1 at 10:52:51
20 http GET https://registry.npmjs.org/spm-server
21 http 404 https://registry.npmjs.org/spm-server
22 silly registry.get cb [ 404,
22 silly registry.get   { date: 'Wed, 29 Jan 2014 02:52:54 GMT',
22 silly registry.get     server: 'CouchDB/1.5.0 (Erlang OTP/R15B03)',
22 silly registry.get     'content-type': 'application/json',
22 silly registry.get     'cache-control': 'max-age=0',
22 silly registry.get     'content-length': '52',
22 silly registry.get     'accept-ranges': 'bytes',
22 silly registry.get     via: '1.1 varnish',
22 silly registry.get     age: '0',
22 silly registry.get     'x-served-by': 'cache-ty67-TYO',
22 silly registry.get     'x-cache': 'MISS',
22 silly registry.get     'x-cache-hits': '0',
22 silly registry.get     'x-timer': 'S1390963974.382394791,VS0,VE156',
22 silly registry.get     'keep-alive': 'timeout=10, max=50',
22 silly registry.get     connection: 'Keep-Alive' } ]
23 silly lockFile a4466e96-spm-server spm-server@
24 silly lockFile a4466e96-spm-server spm-server@
25 error 404 'spm-server' is not in the npm registry.
25 error 404 You should bug the author to publish it
25 error 404
25 error 404 Note that you can also install from a
25 error 404 tarball, folder, or http url, or git url.
26 error System Darwin 13.0.1
27 error command "node" "/usr/local/bin/npm" "install" "-g" "spm-server"
28 error cwd /Users/lzz/github/zeus/jcrop
29 error node -v v0.10.22
30 error npm -v 1.3.14
31 error code E404
32 verbose exit [ 1, true ]
